Vivado Simulator 2020.2
Copyright 1986-1999, 2001-2020 Xilinx, Inc. All Rights Reserved.
Running: /opt/Xilinx/Vivado/2020.2/bin/unwrapped/lnx64.o/xelab -wto 9eb27556aa5b411bac98baa750c7a52d --incr --debug typical --relax --mt 8 -L xil_defaultlib -L unisims_ver -L unimacro_ver -L secureip -L xpm --snapshot gsom_tb_behav xil_defaultlib.gsom_tb xil_defaultlib.glbl -log elaborate.log 
Using 8 slave threads.
Starting static elaboration
Pass Through NonSizing Optimizer
Completed static elaboration
Starting simulation data flow analysis
Completed simulation data flow analysis
Time Resolution for simulation is 1ps
Compiling module xil_defaultlib.fpa_adder
Compiling module xil_defaultlib.fpa_multiplier
Compiling module xil_defaultlib.fpa_distance(DIM=4)
Compiling module xil_defaultlib.euclidean_distance(DIM=4)
Compiling module xil_defaultlib.update_bmu(DIM=4)
Compiling module unisims_ver.GND
Compiling module unisims_ver.x_lut2_mux4
Compiling module unisims_ver.LUT2
Compiling module unisims_ver.FDRE_default
Compiling module unisims_ver.LUT6
Compiling module unisims_ver.CARRY4
Compiling module unisims_ver.LUT5
Compiling module unisims_ver.LUT4
Compiling module unisims_ver.SRL16E_default
Compiling module unisims_ver.x_lut3_mux8
Compiling module unisims_ver.LUT3
Compiling module unisims_ver.x_lut1_mux2
Compiling module unisims_ver.LUT1
Compiling module unisims_ver.DSP48E1(ALUMODEREG=0,CARRYINREG=...
Compiling module unisims_ver.DSP48E1(A_INPUT="CASCADE",BCASCR...
Compiling module xil_defaultlib.multiplier_2
Compiling module unisims_ver.DSP48E1(MASK=48'b111111110000000...
Compiling module unisims_ver.VCC
Compiling module unisims_ver.DSP48E1(ACASCREG=2,ADREG=0,AREG=...
Compiling module xil_defaultlib.adder_2
Compiling module xil_defaultlib.comparator
Compiling module xil_defaultlib.node(LOG2_MAX_ROWS=4,LOG2_MAX_CO...
Compiling module xil_defaultlib.grow_node_in_middle
Compiling module xil_defaultlib.grow_node_on_one_side
Compiling module unisims_ver.SRLC32E_default
Compiling module xil_defaultlib.divider
Compiling module xil_defaultlib.adder
Compiling module xil_defaultlib.multiplier
Compiling module xil_defaultlib.gsom_learning_rate
Compiling module xil_defaultlib.fpa_comparator
Compiling module xil_defaultlib.gsom_default
Compiling module xil_defaultlib.gsom_tb
Compiling module xil_defaultlib.glbl
