Vivado Simulator 2020.2
Time resolution is 1 ps
controls_out[0]
fit_en && growing_iter_en
iter   0 t1     0 node count   4
iter   0 t1     1 node count   4
iter   0 t1     2 node count   4
iter   0 t1     3 node count   4
iter   0 t1     4 node count   4
iter   0 t1     5 node count   4
iter   0 t1     6 node count   4
iter   0 t1     7 node count   4
iter   0 t1     8 node count   4
iter   0 t1     9 node count   4
iter   0 t1    10 node count   4
iter   0 t1    11 node count   4
iter   0 t1    12 node count   4
iter   0 t1    13 node count   4
iter   0 t1    14 node count   4
iter   0 t1    15 node count   4
iter   0 t1    16 node count   4
iter   0 t1    17 node count   4
iter   0 t1    18 node count   4
iter   0 t1    19 node count   4
iter   0 t1    20 node count   4
iter   0 t1    21 node count   4
iter   0 t1    22 node count   4
iter   0 t1    23 node count   4
iter   0 t1    24 node count   4
iter   0 t1    25 node count   4
iter   0 t1    26 node count   4
iter   0 t1    27 node count   4
iter   0 t1    28 node count   4
iter   0 t1    29 node count   4
iter   0 t1    30 node count   4
iter   0 t1    31 node count   4
iter   0 t1    32 node count   4
bottom  4  3
left  3  4
bottom addeded  4  3
left addeded  3  4
grow nodes
iter   0 t1    33 node count   6
spread_weighs_en
iter   0 t1    34 node count   6
iter   0 t1    35 node count   6
iter   0 t1    36 node count   6
iter   0 t1    37 node count   6
iter   0 t1    38 node count   6
iter   0 t1    39 node count   6
iter   0 t1    40 node count   6
iter   0 t1    41 node count   6
iter   0 t1    42 node count   6
iter   0 t1    43 node count   6
iter   0 t1    44 node count   6
iter   0 t1    45 node count   6
iter   0 t1    46 node count   6
iter   0 t1    47 node count   6
iter   0 t1    48 node count   6
iter   0 t1    49 node count   6
iter   0 t1    50 node count   6
iter   0 t1    51 node count   6
iter   0 t1    52 node count   6
iter   0 t1    53 node count   6
iter   0 t1    54 node count   6
iter   0 t1    55 node count   6
spread_weighs_en
iter   0 t1    56 node count   6
iter   0 t1    57 node count   6
iter   0 t1    58 node count   6
iter   0 t1    59 node count   6
iter   0 t1    60 node count   6
iter   0 t1    61 node count   6
iter   0 t1    62 node count   6
iter   0 t1    63 node count   6
iter   0 t1    64 node count   6
iter   0 t1    65 node count   6
iter   0 t1    66 node count   6
iter   0 t1    67 node count   6
iter   0 t1    68 node count   6
iter   0 t1    69 node count   6
iter   0 t1    70 node count   6
iter   0 t1    71 node count   6
iter   0 t1    72 node count   6
iter   0 t1    73 node count   6
spread_weighs_en
iter   0 t1    74 node count   6
iter   0 t1    75 node count   6
iter   0 t1    76 node count   6
iter   0 t1    77 node count   6
iter   0 t1    78 node count   6
iter   0 t1    79 node count   6
iter   0 t1    80 node count   6
iter   0 t1    81 node count   6
iter   0 t1    82 node count   6
iter   0 t1    83 node count   6
iter   0 t1    84 node count   6
iter   0 t1    85 node count   6
iter   0 t1    86 node count   6
iter   0 t1    87 node count   6
iter   0 t1    88 node count   6
iter   0 t1    89 node count   6
iter   0 t1    90 node count   6
iter   0 t1    91 node count   6
iter   0 t1    92 node count   6
iter   0 t1    93 node count   6
iter   0 t1    94 node count   6
iter   0 t1    95 node count   6
iter   0 t1    96 node count   6
iter   0 t1    97 node count   6
spread_weighs_en
iter   0 t1    98 node count   6
iter   0 t1    99 node count   6
iter   0 t1   100 node count   6
iter   0 t1   101 node count   6
iter   0 t1   102 node count   6
iter   0 t1   103 node count   6
iter   0 t1   104 node count   6
iter   0 t1   105 node count   6
iter   0 t1   106 node count   6
iter   0 t1   107 node count   6
iter   0 t1   108 node count   6
iter   0 t1   109 node count   6
iter   0 t1   110 node count   6
iter   0 t1   111 node count   6
iter   0 t1   112 node count   6
iter   0 t1   113 node count   6
iter   0 t1   114 node count   6
iter   0 t1   115 node count   6
iter   0 t1   116 node count   6
iter   0 t1   117 node count   6
iter   0 t1   118 node count   6
iter   0 t1   119 node count   6
iter   0 t1   120 node count   6
iter   0 t1   121 node count   6
iter   0 t1   122 node count   6
spread_weighs_en
iter   0 t1   123 node count   6
iter   0 t1   124 node count   6
iter   0 t1   125 node count   6
iter   0 t1   126 node count   6
iter   0 t1   127 node count   6
iter   0 t1   128 node count   6
iter   0 t1   129 node count   6
iter   0 t1   130 node count   6
iter   0 t1   131 node count   6
iter   0 t1   132 node count   6
iter   0 t1   133 node count   6
iter   0 t1   134 node count   6
iter   0 t1   135 node count   6
iter   0 t1   136 node count   6
iter   0 t1   137 node count   6
iter   0 t1   138 node count   6
iter   0 t1   139 node count   6
iter   0 t1   140 node count   6
iter   0 t1   141 node count   6
spread_weighs_en
iter   0 t1   142 node count   6
iter   0 t1   143 node count   6
iter   0 t1   144 node count   6
iter   0 t1   145 node count   6
iter   0 t1   146 node count   6
iter   0 t1   147 node count   6
iter   0 t1   148 node count   6
iter   0 t1   149 node count   6
iter   0 t1   150 node count   6
iter   0 t1   151 node count   6
iter   0 t1   152 node count   6
iter   0 t1   153 node count   6
iter   0 t1   154 node count   6
iter   0 t1   155 node count   6
iter   0 t1   156 node count   6
iter   0 t1   157 node count   6
iter   0 t1   158 node count   6
iter   0 t1   159 node count   6
iter   0 t1   160 node count   6
spread_weighs_en
iter   0 t1   161 node count   6
iter   0 t1   162 node count   6
iter   0 t1   163 node count   6
iter   0 t1   164 node count   6
iter   0 t1   165 node count   6
iter   0 t1   166 node count   6
iter   0 t1   167 node count   6
iter   0 t1   168 node count   6
iter   0 t1   169 node count   6
iter   0 t1   170 node count   6
iter   0 t1   171 node count   6
iter   0 t1   172 node count   6
iter   0 t1   173 node count   6
iter   0 t1   174 node count   6
iter   0 t1   175 node count   6
iter   0 t1   176 node count   6
iter   0 t1   177 node count   6
iter   0 t1   178 node count   6
iter   0 t1   179 node count   6
spread_weighs_en
iter   0 t1   180 node count   6
iter   0 t1   181 node count   6
iter   0 t1   182 node count   6
iter   0 t1   183 node count   6
right  5  3
bottom  4  2
left  3  3
bottom addeded  4  2
left addeded  3  3
right addeded  5  3
grow nodes
iter   0 t1   184 node count   9
iter   0 t1   185 node count   9
iter   0 t1   186 node count   9
iter   0 t1   187 node count   9
iter   0 t1   188 node count   9
iter   0 t1   189 node count   9
iter   0 t1   190 node count   9
iter   0 t1   191 node count   9
iter   0 t1   192 node count   9
spread_weighs_en
iter   0 t1   193 node count   9
iter   0 t1   194 node count   9
iter   0 t1   195 node count   9
iter   0 t1   196 node count   9
iter   0 t1   197 node count   9
iter   0 t1   198 node count   9
iter   0 t1   199 node count   9
iter   0 t1   200 node count   9
spread_weighs_en
iter   0 t1   201 node count   9
iter   0 t1   202 node count   9
iter   0 t1   203 node count   9
iter   0 t1   204 node count   9
iter   0 t1   205 node count   9
iter   0 t1   206 node count   9
iter   0 t1   207 node count   9
iter   0 t1   208 node count   9
iter   0 t1   209 node count   9
iter   0 t1   210 node count   9
iter   0 t1   211 node count   9
iter   0 t1   212 node count   9
iter   0 t1   213 node count   9
iter   0 t1   214 node count   9
iter   0 t1   215 node count   9
iter   0 t1   216 node count   9
iter   0 t1   217 node count   9
iter   0 t1   218 node count   9
iter   0 t1   219 node count   9
iter   0 t1   220 node count   9
iter   0 t1   221 node count   9
iter   0 t1   222 node count   9
spread_weighs_en
iter   0 t1   223 node count   9
iter   0 t1   224 node count   9
iter   0 t1   225 node count   9
iter   0 t1   226 node count   9
iter   0 t1   227 node count   9
iter   0 t1   228 node count   9
iter   0 t1   229 node count   9
iter   0 t1   230 node count   9
iter   0 t1   231 node count   9
iter   0 t1   232 node count   9
iter   0 t1   233 node count   9
iter   0 t1   234 node count   9
iter   0 t1   235 node count   9
iter   0 t1   236 node count   9
iter   0 t1   237 node count   9
iter   0 t1   238 node count   9
iter   0 t1   239 node count   9
iter   0 t1   240 node count   9
iter   0 t1   241 node count   9
iter   0 t1   242 node count   9
iter   0 t1   243 node count   9
iter   0 t1   244 node count   9
iter   0 t1   245 node count   9
spread_weighs_en
iter   0 t1   246 node count   9
iter   0 t1   247 node count   9
iter   0 t1   248 node count   9
iter   0 t1   249 node count   9
iter   0 t1   250 node count   9
iter   0 t1   251 node count   9
iter   0 t1   252 node count   9
iter   0 t1   253 node count   9
iter   0 t1   254 node count   9
spread_weighs_en
iter   0 t1   255 node count   9
iter   0 t1   256 node count   9
iter   0 t1   257 node count   9
iter   0 t1   258 node count   9
iter   0 t1   259 node count   9
iter   0 t1   260 node count   9
spread_weighs_en
iter   0 t1   261 node count   9
iter   0 t1   262 node count   9
iter   0 t1   263 node count   9
iter   0 t1   264 node count   9
iter   0 t1   265 node count   9
iter   0 t1   266 node count   9
iter   0 t1   267 node count   9
iter   0 t1   268 node count   9
iter   0 t1   269 node count   9
iter   0 t1   270 node count   9
iter   0 t1   271 node count   9
iter   0 t1   272 node count   9
iter   0 t1   273 node count   9
iter   0 t1   274 node count   9
iter   0 t1   275 node count   9
iter   0 t1   276 node count   9
iter   0 t1   277 node count   9
iter   0 t1   278 node count   9
iter   0 t1   279 node count   9
spread_weighs_en
iter   0 t1   280 node count   9
iter   0 t1   281 node count   9
iter   0 t1   282 node count   9
iter   0 t1   283 node count   9
iter   0 t1   284 node count   9
iter   0 t1   285 node count   9
iter   0 t1   286 node count   9
iter   0 t1   287 node count   9
iter   0 t1   288 node count   9
iter   0 t1   289 node count   9
iter   0 t1   290 node count   9
iter   0 t1   291 node count   9
iter   0 t1   292 node count   9
iter   0 t1   293 node count   9
iter   0 t1   294 node count   9
iter   0 t1   295 node count   9
iter   0 t1   296 node count   9
iter   0 t1   297 node count   9
iter   0 t1   298 node count   9
iter   0 t1   299 node count   9
spread_weighs_en
iter   0 t1   300 node count   9
iter   0 t1   301 node count   9
iter   0 t1   302 node count   9
iter   0 t1   303 node count   9
iter   0 t1   304 node count   9
iter   0 t1   305 node count   9
iter   0 t1   306 node count   9
iter   0 t1   307 node count   9
iter   0 t1   308 node count   9
iter   0 t1   309 node count   9
iter   0 t1   310 node count   9
iter   0 t1   311 node count   9
iter   0 t1   312 node count   9
iter   0 t1   313 node count   9
up  5  6
right  6  5
right addeded  6  5
up addeded  5  6
grow nodes
iter   0 t1   314 node count  11
iter   0 t1   315 node count  11
iter   0 t1   316 node count  11
iter   0 t1   317 node count  11
iter   0 t1   318 node count  11
iter   0 t1   319 node count  11
iter   0 t1   320 node count  11
iter   0 t1   321 node count  11
spread_weighs_en
iter   0 t1   322 node count  11
spread_weighs_en
iter   0 t1   323 node count  11
iter   0 t1   324 node count  11
iter   0 t1   325 node count  11
iter   0 t1   326 node count  11
iter   0 t1   327 node count  11
iter   0 t1   328 node count  11
iter   0 t1   329 node count  11
iter   0 t1   330 node count  11
iter   0 t1   331 node count  11
iter   0 t1   332 node count  11
iter   0 t1   333 node count  11
iter   0 t1   334 node count  11
iter   0 t1   335 node count  11
iter   0 t1   336 node count  11
iter   0 t1   337 node count  11
iter   0 t1   338 node count  11
iter   0 t1   339 node count  11
iter   0 t1   340 node count  11
iter   0 t1   341 node count  11
iter   0 t1   342 node count  11
iter   0 t1   343 node count  11
iter   0 t1   344 node count  11
spread_weighs_en
iter   0 t1   345 node count  11
iter   0 t1   346 node count  11
iter   0 t1   347 node count  11
iter   0 t1   348 node count  11
iter   0 t1   349 node count  11
iter   0 t1   350 node count  11
iter   0 t1   351 node count  11
iter   0 t1   352 node count  11
iter   0 t1   353 node count  11
iter   0 t1   354 node count  11
iter   0 t1   355 node count  11
iter   0 t1   356 node count  11
iter   0 t1   357 node count  11
iter   0 t1   358 node count  11
iter   0 t1   359 node count  11
iter   0 t1   360 node count  11
iter   0 t1   361 node count  11
iter   0 t1   362 node count  11
iter   0 t1   363 node count  11
iter   0 t1   364 node count  11
iter   0 t1   365 node count  11
spread_weighs_en
iter   0 t1   366 node count  11
iter   0 t1   367 node count  11
iter   0 t1   368 node count  11
iter   0 t1   369 node count  11
iter   0 t1   370 node count  11
iter   0 t1   371 node count  11
iter   0 t1   372 node count  11
iter   0 t1   373 node count  11
iter   0 t1   374 node count  11
iter   0 t1   375 node count  11
iter   0 t1   376 node count  11
iter   0 t1   377 node count  11
iter   0 t1   378 node count  11
iter   0 t1   379 node count  11
iter   0 t1   380 node count  11
iter   0 t1   381 node count  11
iter   0 t1   382 node count  11
iter   0 t1   383 node count  11
iter   0 t1   384 node count  11
iter   0 t1   385 node count  11
iter   0 t1   386 node count  11
spread_weighs_en
iter   0 t1   387 node count  11
iter   0 t1   388 node count  11
iter   0 t1   389 node count  11
iter   0 t1   390 node count  11
iter   0 t1   391 node count  11
iter   0 t1   392 node count  11
iter   0 t1   393 node count  11
iter   0 t1   394 node count  11
iter   0 t1   395 node count  11
iter   0 t1   396 node count  11
iter   0 t1   397 node count  11
iter   0 t1   398 node count  11
iter   0 t1   399 node count  11
iter   0 t1   400 node count  11
iter   0 t1   401 node count  11
iter   0 t1   402 node count  11
iter   0 t1   403 node count  11
iter   0 t1   404 node count  11
iter   0 t1   405 node count  11
iter   0 t1   406 node count  11
iter   0 t1   407 node count  11
iter   0 t1   408 node count  11
iter   0 t1   409 node count  11
spread_weighs_en
iter   0 t1   410 node count  11
iter   0 t1   411 node count  11
iter   0 t1   412 node count  11
iter   0 t1   413 node count  11
iter   0 t1   414 node count  11
iter   0 t1   415 node count  11
iter   0 t1   416 node count  11
iter   0 t1   417 node count  11
iter   0 t1   418 node count  11
iter   0 t1   419 node count  11
iter   0 t1   420 node count  11
iter   0 t1   421 node count  11
iter   0 t1   422 node count  11
iter   0 t1   423 node count  11
iter   0 t1   424 node count  11
iter   0 t1   425 node count  11
iter   0 t1   426 node count  11
iter   0 t1   427 node count  11
iter   0 t1   428 node count  11
iter   0 t1   429 node count  11
iter   0 t1   430 node count  11
spread_weighs_en
iter   0 t1   431 node count  11
iter   0 t1   432 node count  11
iter   0 t1   433 node count  11
iter   0 t1   434 node count  11
iter   0 t1   435 node count  11
iter   0 t1   436 node count  11
iter   0 t1   437 node count  11
iter   0 t1   438 node count  11
iter   0 t1   439 node count  11
iter   0 t1   440 node count  11
iter   0 t1   441 node count  11
iter   0 t1   442 node count  11
iter   0 t1   443 node count  11
iter   0 t1   444 node count  11
iter   0 t1   445 node count  11
iter   0 t1   446 node count  11
iter   0 t1   447 node count  11
iter   0 t1   448 node count  11
iter   0 t1   449 node count  11
iter   0 t1   450 node count  11
iter   0 t1   451 node count  11
iter   0 t1   452 node count  11
iter   0 t1   453 node count  11
iter   0 t1   454 node count  11
spread_weighs_en
iter   0 t1   455 node count  11
iter   0 t1   456 node count  11
iter   0 t1   457 node count  11
iter   0 t1   458 node count  11
iter   0 t1   459 node count  11
iter   0 t1   460 node count  11
iter   0 t1   461 node count  11
iter   0 t1   462 node count  11
spread_weighs_en
iter   0 t1   463 node count  11
iter   0 t1   464 node count  11
iter   0 t1   465 node count  11
iter   0 t1   466 node count  11
iter   0 t1   467 node count  11
iter   0 t1   468 node count  11
iter   0 t1   469 node count  11
iter   0 t1   470 node count  11
iter   0 t1   471 node count  11
iter   0 t1   472 node count  11
iter   0 t1   473 node count  11
iter   0 t1   474 node count  11
iter   0 t1   475 node count  11
iter   0 t1   476 node count  11
iter   0 t1   477 node count  11
iter   0 t1   478 node count  11
spread_weighs_en
iter   0 t1   479 node count  11
iter   0 t1   480 node count  11
iter   0 t1   481 node count  11
iter   0 t1   482 node count  11
iter   0 t1   483 node count  11
iter   0 t1   484 node count  11
iter   0 t1   485 node count  11
iter   0 t1   486 node count  11
iter   0 t1   487 node count  11
iter   0 t1   488 node count  11
iter   0 t1   489 node count  11
iter   0 t1   490 node count  11
iter   0 t1   491 node count  11
iter   0 t1   492 node count  11
iter   0 t1   493 node count  11
iter   0 t1   494 node count  11
iter   0 t1   495 node count  11
iter   0 t1   496 node count  11
iter   0 t1   497 node count  11
up  5  7
right  6  6
left  4  6
up addeded  5  7
right addeded  6  6
left addeded  4  6
grow nodes
iter   0 t1   498 node count  14
iter   0 t1   499 node count  14
iter   0 t1   500 node count  14
iter   0 t1   501 node count  14
iter   0 t1   502 node count  14
iter   0 t1   503 node count  14
iter   0 t1   504 node count  14
iter   0 t1   505 node count  14
iter   0 t1   506 node count  14
iter   0 t1   507 node count  14
iter   0 t1   508 node count  14
iter   0 t1   509 node count  14
iter   0 t1   510 node count  14
spread_weighs_en
iter   0 t1   511 node count  14
iter   0 t1   512 node count  14
iter   0 t1   513 node count  14
iter   0 t1   514 node count  14
iter   0 t1   515 node count  14
iter   0 t1   516 node count  14
iter   0 t1   517 node count  14
iter   0 t1   518 node count  14
iter   0 t1   519 node count  14
iter   0 t1   520 node count  14
iter   0 t1   521 node count  14
iter   0 t1   522 node count  14
iter   0 t1   523 node count  14
iter   0 t1   524 node count  14
iter   0 t1   525 node count  14
iter   0 t1   526 node count  14
iter   0 t1   527 node count  14
iter   0 t1   528 node count  14
iter   0 t1   529 node count  14
iter   0 t1   530 node count  14
iter   0 t1   531 node count  14
spread_weighs_en
iter   0 t1   532 node count  14
iter   0 t1   533 node count  14
iter   0 t1   534 node count  14
iter   0 t1   535 node count  14
iter   0 t1   536 node count  14
iter   0 t1   537 node count  14
iter   0 t1   538 node count  14
iter   0 t1   539 node count  14
iter   0 t1   540 node count  14
iter   0 t1   541 node count  14
iter   0 t1   542 node count  14
iter   0 t1   543 node count  14
iter   0 t1   544 node count  14
iter   0 t1   545 node count  14
iter   0 t1   546 node count  14
iter   0 t1   547 node count  14
iter   0 t1   548 node count  14
iter   0 t1   549 node count  14
iter   0 t1   550 node count  14
iter   0 t1   551 node count  14
iter   0 t1   552 node count  14
spread_weighs_en
iter   0 t1   553 node count  14
iter   0 t1   554 node count  14
iter   0 t1   555 node count  14
iter   0 t1   556 node count  14
iter   0 t1   557 node count  14
iter   0 t1   558 node count  14
iter   0 t1   559 node count  14
iter   0 t1   560 node count  14
iter   0 t1   561 node count  14
iter   0 t1   562 node count  14
iter   0 t1   563 node count  14
iter   0 t1   564 node count  14
iter   0 t1   565 node count  14
iter   0 t1   566 node count  14
iter   0 t1   567 node count  14
iter   0 t1   568 node count  14
iter   0 t1   569 node count  14
iter   0 t1   570 node count  14
iter   0 t1   571 node count  14
iter   0 t1   572 node count  14
iter   0 t1   573 node count  14
iter   0 t1   574 node count  14
iter   0 t1   575 node count  14
iter   0 t1   576 node count  14
spread_weighs_en
iter   0 t1   577 node count  14
iter   0 t1   578 node count  14
iter   0 t1   579 node count  14
iter   0 t1   580 node count  14
iter   0 t1   581 node count  14
iter   0 t1   582 node count  14
iter   0 t1   583 node count  14
iter   0 t1   584 node count  14
iter   0 t1   585 node count  14
iter   0 t1   586 node count  14
iter   0 t1   587 node count  14
iter   0 t1   588 node count  14
iter   0 t1   589 node count  14
iter   0 t1   590 node count  14
iter   0 t1   591 node count  14
iter   0 t1   592 node count  14
iter   0 t1   593 node count  14
iter   0 t1   594 node count  14
spread_weighs_en
iter   0 t1   595 node count  14
iter   0 t1   596 node count  14
iter   0 t1   597 node count  14
iter   0 t1   598 node count  14
iter   0 t1   599 node count  14
iter   0 t1   600 node count  14
iter   0 t1   601 node count  14
iter   0 t1   602 node count  14
iter   0 t1   603 node count  14
iter   0 t1   604 node count  14
iter   0 t1   605 node count  14
iter   0 t1   606 node count  14
iter   0 t1   607 node count  14
spread_weighs_en
iter   0 t1   608 node count  14
iter   0 t1   609 node count  14
iter   0 t1   610 node count  14
iter   0 t1   611 node count  14
iter   0 t1   612 node count  14
iter   0 t1   613 node count  14
iter   0 t1   614 node count  14
spread_weighs_en
iter   0 t1   615 node count  14
iter   0 t1   616 node count  14
iter   0 t1   617 node count  14
iter   0 t1   618 node count  14
iter   0 t1   619 node count  14
iter   0 t1   620 node count  14
iter   0 t1   621 node count  14
iter   0 t1   622 node count  14
iter   0 t1   623 node count  14
iter   0 t1   624 node count  14
iter   0 t1   625 node count  14
iter   0 t1   626 node count  14
iter   0 t1   627 node count  14
iter   0 t1   628 node count  14
iter   0 t1   629 node count  14
iter   0 t1   630 node count  14
iter   0 t1   631 node count  14
iter   0 t1   632 node count  14
iter   0 t1   633 node count  14
spread_weighs_en
iter   0 t1   634 node count  14
iter   0 t1   635 node count  14
iter   0 t1   636 node count  14
iter   0 t1   637 node count  14
iter   0 t1   638 node count  14
iter   0 t1   639 node count  14
iter   0 t1   640 node count  14
iter   0 t1   641 node count  14
iter   0 t1   642 node count  14
iter   0 t1   643 node count  14
iter   0 t1   644 node count  14
iter   0 t1   645 node count  14
iter   0 t1   646 node count  14
iter   0 t1   647 node count  14
iter   0 t1   648 node count  14
iter   0 t1   649 node count  14
iter   0 t1   650 node count  14
iter   0 t1   651 node count  14
iter   0 t1   652 node count  14
iter   0 t1   653 node count  14
iter   0 t1   654 node count  14
iter   0 t1   655 node count  14
spread_weighs_en
iter   0 t1   656 node count  14
iter   0 t1   657 node count  14
iter   0 t1   658 node count  14
iter   0 t1   659 node count  14
iter   0 t1   660 node count  14
iter   0 t1   661 node count  14
iter   0 t1   662 node count  14
iter   0 t1   663 node count  14
iter   0 t1   664 node count  14
iter   0 t1   665 node count  14
iter   0 t1   666 node count  14
iter   0 t1   667 node count  14
iter   0 t1   668 node count  14
iter   0 t1   669 node count  14
iter   0 t1   670 node count  14
iter   0 t1   671 node count  14
up  5  8
right  6  7
left  4  7
up addeded  5  8
right addeded  6  7
left addeded  4  7
grow nodes
iter   0 t1   672 node count  17
iter   0 t1   673 node count  17
iter   0 t1   674 node count  17
iter   0 t1   675 node count  17
iter   0 t1   676 node count  17
spread_weighs_en
iter   0 t1   677 node count  17
iter   0 t1   678 node count  17
iter   0 t1   679 node count  17
iter   0 t1   680 node count  17
iter   0 t1   681 node count  17
iter   0 t1   682 node count  17
iter   0 t1   683 node count  17
iter   0 t1   684 node count  17
iter   0 t1   685 node count  17
iter   0 t1   686 node count  17
iter   0 t1   687 node count  17
iter   0 t1   688 node count  17
iter   0 t1   689 node count  17
iter   0 t1   690 node count  17
iter   0 t1   691 node count  17
iter   0 t1   692 node count  17
iter   0 t1   693 node count  17
iter   0 t1   694 node count  17
iter   0 t1   695 node count  17
iter   0 t1   696 node count  17
iter   0 t1   697 node count  17
iter   0 t1   698 node count  17
iter   0 t1   699 node count  17
iter   0 t1   700 node count  17
iter   0 t1   701 node count  17
iter   0 t1   702 node count  17
iter   0 t1   703 node count  17
iter   0 t1   704 node count  17
iter   0 t1   705 node count  17
spread_weighs_en
iter   0 t1   706 node count  17
iter   0 t1   707 node count  17
iter   0 t1   708 node count  17
iter   0 t1   709 node count  17
iter   0 t1   710 node count  17
iter   0 t1   711 node count  17
iter   0 t1   712 node count  17
iter   0 t1   713 node count  17
iter   0 t1   714 node count  17
iter   0 t1   715 node count  17
iter   0 t1   716 node count  17
iter   0 t1   717 node count  17
iter   0 t1   718 node count  17
iter   0 t1   719 node count  17
iter   0 t1   720 node count  17
iter   0 t1   721 node count  17
iter   0 t1   722 node count  17
iter   0 t1   723 node count  17
iter   0 t1   724 node count  17
iter   0 t1   725 node count  17
iter   0 t1   726 node count  17
iter   0 t1   727 node count  17
iter   0 t1   728 node count  17
iter   0 t1   729 node count  17
spread_weighs_en
iter   0 t1   730 node count  17
iter   0 t1   731 node count  17
iter   0 t1   732 node count  17
iter   0 t1   733 node count  17
iter   0 t1   734 node count  17
iter   0 t1   735 node count  17
iter   0 t1   736 node count  17
iter   0 t1   737 node count  17
iter   0 t1   738 node count  17
iter   0 t1   739 node count  17
iter   0 t1   740 node count  17
iter   0 t1   741 node count  17
iter   0 t1   742 node count  17
iter   0 t1   743 node count  17
iter   0 t1   744 node count  17
iter   0 t1   745 node count  17
spread_weighs_en
iter   0 t1   746 node count  17
iter   0 t1   747 node count  17
iter   0 t1   748 node count  17
iter   0 t1   749 node count  17
iter   0 t1   750 node count  17
iter   0 t1   751 node count  17
iter   0 t1   752 node count  17
iter   0 t1   753 node count  17
iter   0 t1   754 node count  17
iter   0 t1   755 node count  17
iter   0 t1   756 node count  17
iter   0 t1   757 node count  17
iter   0 t1   758 node count  17
iter   0 t1   759 node count  17
iter   0 t1   760 node count  17
iter   0 t1   761 node count  17
iter   0 t1   762 node count  17
iter   0 t1   763 node count  17
iter   0 t1   764 node count  17
iter   0 t1   765 node count  17
spread_weighs_en
iter   0 t1   766 node count  17
iter   0 t1   767 node count  17
iter   0 t1   768 node count  17
iter   0 t1   769 node count  17
iter   0 t1   770 node count  17
iter   0 t1   771 node count  17
iter   0 t1   772 node count  17
iter   0 t1   773 node count  17
iter   0 t1   774 node count  17
iter   0 t1   775 node count  17
iter   0 t1   776 node count  17
iter   0 t1   777 node count  17
iter   0 t1   778 node count  17
iter   0 t1   779 node count  17
iter   0 t1   780 node count  17
iter   0 t1   781 node count  17
iter   0 t1   782 node count  17
iter   0 t1   783 node count  17
iter   0 t1   784 node count  17
spread_weighs_en
iter   0 t1   785 node count  17
iter   0 t1   786 node count  17
iter   0 t1   787 node count  17
iter   0 t1   788 node count  17
iter   0 t1   789 node count  17
iter   0 t1   790 node count  17
iter   0 t1   791 node count  17
iter   0 t1   792 node count  17
iter   0 t1   793 node count  17
iter   0 t1   794 node count  17
iter   0 t1   795 node count  17
iter   0 t1   796 node count  17
iter   0 t1   797 node count  17
iter   0 t1   798 node count  17
iter   0 t1   799 node count  17
iter   0 t1   800 node count  17
iter   0 t1   801 node count  17
iter   0 t1   802 node count  17
spread_weighs_en
iter   0 t1   803 node count  17
iter   0 t1   804 node count  17
iter   0 t1   805 node count  17
iter   0 t1   806 node count  17
iter   0 t1   807 node count  17
iter   0 t1   808 node count  17
iter   0 t1   809 node count  17
iter   0 t1   810 node count  17
iter   0 t1   811 node count  17
iter   0 t1   812 node count  17
iter   0 t1   813 node count  17
iter   0 t1   814 node count  17
iter   0 t1   815 node count  17
iter   0 t1   816 node count  17
spread_weighs_en
iter   0 t1   817 node count  17
iter   0 t1   818 node count  17
iter   0 t1   819 node count  17
iter   0 t1   820 node count  17
iter   0 t1   821 node count  17
iter   0 t1   822 node count  17
spread_weighs_en
iter   0 t1   823 node count  17
iter   0 t1   824 node count  17
iter   0 t1   825 node count  17
iter   0 t1   826 node count  17
iter   0 t1   827 node count  17
iter   0 t1   828 node count  17
iter   0 t1   829 node count  17
iter   0 t1   830 node count  17
iter   0 t1   831 node count  17
iter   0 t1   832 node count  17
iter   0 t1   833 node count  17
iter   0 t1   834 node count  17
iter   0 t1   835 node count  17
iter   0 t1   836 node count  17
iter   0 t1   837 node count  17
iter   0 t1   838 node count  17
iter   0 t1   839 node count  17
iter   0 t1   840 node count  17
iter   0 t1   841 node count  17
iter   0 t1   842 node count  17
iter   0 t1   843 node count  17
iter   0 t1   844 node count  17
iter   0 t1   845 node count  17
iter   0 t1   846 node count  17
iter   0 t1   847 node count  17
spread_weighs_en
iter   0 t1   848 node count  17
iter   0 t1   849 node count  17
iter   0 t1   850 node count  17
iter   0 t1   851 node count  17
iter   0 t1   852 node count  17
iter   0 t1   853 node count  17
iter   0 t1   854 node count  17
iter   0 t1   855 node count  17
iter   0 t1   856 node count  17
iter   0 t1   857 node count  17
iter   0 t1   858 node count  17
iter   0 t1   859 node count  17
iter   0 t1   860 node count  17
iter   0 t1   861 node count  17
iter   0 t1   862 node count  17
iter   0 t1   863 node count  17
iter   0 t1   864 node count  17
iter   0 t1   865 node count  17
iter   0 t1   866 node count  17
iter   0 t1   867 node count  17
up  5  9
right  6  8
left  4  8
up addeded  5  9
right addeded  6  8
left addeded  4  8
grow nodes
iter   0 t1   868 node count  20
spread_weighs_en
iter   0 t1   869 node count  20
iter   0 t1   870 node count  20
iter   0 t1   871 node count  20
iter   0 t1   872 node count  20
iter   0 t1   873 node count  20
iter   0 t1   874 node count  20
iter   0 t1   875 node count  20
iter   0 t1   876 node count  20
iter   0 t1   877 node count  20
iter   0 t1   878 node count  20
iter   0 t1   879 node count  20
iter   0 t1   880 node count  20
iter   0 t1   881 node count  20
iter   0 t1   882 node count  20
iter   0 t1   883 node count  20
iter   0 t1   884 node count  20
iter   0 t1   885 node count  20
iter   0 t1   886 node count  20
iter   0 t1   887 node count  20
iter   0 t1   888 node count  20
iter   0 t1   889 node count  20
iter   0 t1   890 node count  20
iter   0 t1   891 node count  20
iter   0 t1   892 node count  20
spread_weighs_en
iter   0 t1   893 node count  20
iter   0 t1   894 node count  20
iter   0 t1   895 node count  20
iter   0 t1   896 node count  20
iter   0 t1   897 node count  20
iter   0 t1   898 node count  20
iter   0 t1   899 node count  20
iter   1 t1     0 node count  20
iter   1 t1     1 node count  20
iter   1 t1     2 node count  20
iter   1 t1     3 node count  20
iter   1 t1     4 node count  20
iter   1 t1     5 node count  20
iter   1 t1     6 node count  20
iter   1 t1     7 node count  20
iter   1 t1     8 node count  20
iter   1 t1     9 node count  20
iter   1 t1    10 node count  20
iter   1 t1    11 node count  20
iter   1 t1    12 node count  20
iter   1 t1    13 node count  20
iter   1 t1    14 node count  20
iter   1 t1    15 node count  20
iter   1 t1    16 node count  20
iter   1 t1    17 node count  20
iter   1 t1    18 node count  20
spread_weighs_en
iter   1 t1    19 node count  20
iter   1 t1    20 node count  20
spread_weighs_en
iter   1 t1    21 node count  20
iter   1 t1    22 node count  20
iter   1 t1    23 node count  20
iter   1 t1    24 node count  20
iter   1 t1    25 node count  20
iter   1 t1    26 node count  20
iter   1 t1    27 node count  20
iter   1 t1    28 node count  20
iter   1 t1    29 node count  20
iter   1 t1    30 node count  20
iter   1 t1    31 node count  20
iter   1 t1    32 node count  20
iter   1 t1    33 node count  20
iter   1 t1    34 node count  20
iter   1 t1    35 node count  20
iter   1 t1    36 node count  20
iter   1 t1    37 node count  20
iter   1 t1    38 node count  20
iter   1 t1    39 node count  20
spread_weighs_en
iter   1 t1    40 node count  20
iter   1 t1    41 node count  20
iter   1 t1    42 node count  20
iter   1 t1    43 node count  20
iter   1 t1    44 node count  20
iter   1 t1    45 node count  20
iter   1 t1    46 node count  20
iter   1 t1    47 node count  20
iter   1 t1    48 node count  20
iter   1 t1    49 node count  20
