INFO: [VRFC 10-2263] Analyzing Verilog file "/home/aari/Projects/Vivado/gsom/gsom.gen/sources_1/ip/adder/adder_sim_netlist.v" into library xil_defaultlib
INFO: [VRFC 10-311] analyzing module adder
INFO: [VRFC 10-311] analyzing module adder_floating_point_v7_1_11
INFO: [VRFC 10-311] analyzing module adder_align_add_dsp48e1_sgl
INFO: [VRFC 10-311] analyzing module adder_axi_slave_2to1
INFO: [VRFC 10-311] analyzing module adder_carry_chain
INFO: [VRFC 10-311] analyzing module adder_carry_chain__parameterized0
INFO: [VRFC 10-311] analyzing module adder_carry_chain__parameterized1
INFO: [VRFC 10-311] analyzing module adder_carry_chain__parameterized1_20
INFO: [VRFC 10-311] analyzing module adder_carry_chain__parameterized2
INFO: [VRFC 10-311] analyzing module adder_carry_chain__parameterized3
INFO: [VRFC 10-311] analyzing module adder_carry_chain__parameterized3_9
INFO: [VRFC 10-311] analyzing module adder_compare
INFO: [VRFC 10-311] analyzing module adder_compare_eq_im
INFO: [VRFC 10-311] analyzing module adder_compare_eq_im__parameterized0
INFO: [VRFC 10-311] analyzing module adder_compare_eq_im__parameterized0_19
INFO: [VRFC 10-311] analyzing module adder_compare_gt
INFO: [VRFC 10-311] analyzing module adder_delay
INFO: [VRFC 10-311] analyzing module adder_delay_0
INFO: [VRFC 10-311] analyzing module adder_delay__parameterized1
INFO: [VRFC 10-311] analyzing module adder_delay__parameterized13
INFO: [VRFC 10-311] analyzing module adder_delay__parameterized16
INFO: [VRFC 10-311] analyzing module adder_delay__parameterized17
INFO: [VRFC 10-311] analyzing module adder_delay__parameterized18
INFO: [VRFC 10-311] analyzing module adder_delay__parameterized19
INFO: [VRFC 10-311] analyzing module adder_delay__parameterized20
INFO: [VRFC 10-311] analyzing module adder_delay__parameterized23
INFO: [VRFC 10-311] analyzing module adder_delay__parameterized23_13
INFO: [VRFC 10-311] analyzing module adder_delay__parameterized23_14
INFO: [VRFC 10-311] analyzing module adder_delay__parameterized23_17
INFO: [VRFC 10-311] analyzing module adder_delay__parameterized23_18
INFO: [VRFC 10-311] analyzing module adder_delay__parameterized25
INFO: [VRFC 10-311] analyzing module adder_delay__parameterized25_4
INFO: [VRFC 10-311] analyzing module adder_delay__parameterized27
INFO: [VRFC 10-311] analyzing module adder_delay__parameterized27_10
INFO: [VRFC 10-311] analyzing module adder_delay__parameterized28
INFO: [VRFC 10-311] analyzing module adder_delay__parameterized29
INFO: [VRFC 10-311] analyzing module adder_delay__parameterized30
INFO: [VRFC 10-311] analyzing module adder_delay__parameterized31
INFO: [VRFC 10-311] analyzing module adder_delay__parameterized32
INFO: [VRFC 10-311] analyzing module adder_delay__parameterized33
INFO: [VRFC 10-311] analyzing module adder_delay__parameterized33_7
INFO: [VRFC 10-311] analyzing module adder_delay__parameterized34
INFO: [VRFC 10-311] analyzing module adder_delay__parameterized36
INFO: [VRFC 10-311] analyzing module adder_delay__parameterized5
INFO: [VRFC 10-311] analyzing module adder_delay__parameterized5_28
INFO: [VRFC 10-311] analyzing module adder_delay__parameterized6
INFO: [VRFC 10-311] analyzing module adder_delay__parameterized6_1
INFO: [VRFC 10-311] analyzing module adder_delay__parameterized6_27
INFO: [VRFC 10-311] analyzing module adder_delay__parameterized6_3
INFO: [VRFC 10-311] analyzing module adder_delay__parameterized6_30
INFO: [VRFC 10-311] analyzing module adder_delay__parameterized6_5
INFO: [VRFC 10-311] analyzing module adder_delay__parameterized6_8
INFO: [VRFC 10-311] analyzing module adder_delay__parameterized7
INFO: [VRFC 10-311] analyzing module adder_delay__parameterized7_29
INFO: [VRFC 10-311] analyzing module adder_delay__parameterized7_31
INFO: [VRFC 10-311] analyzing module adder_delay__parameterized7_32
INFO: [VRFC 10-311] analyzing module adder_dsp48e1_wrapper
INFO: [VRFC 10-311] analyzing module adder_dsp48e1_wrapper__parameterized0
INFO: [VRFC 10-311] analyzing module adder_floating_point_v7_1_11_viv
INFO: [VRFC 10-311] analyzing module adder_flt_add
INFO: [VRFC 10-311] analyzing module adder_flt_add_dsp
INFO: [VRFC 10-311] analyzing module adder_flt_add_exp_sp
INFO: [VRFC 10-311] analyzing module adder_flt_dec_op
INFO: [VRFC 10-311] analyzing module adder_lead_zero_encode_shift
INFO: [VRFC 10-311] analyzing module adder_norm_and_round_dsp48e1_sgl
INFO: [VRFC 10-311] analyzing module adder_special_detect
INFO: [VRFC 10-311] analyzing module adder_special_detect_6
INFO: [VRFC 10-311] analyzing module adder_xbip_pipe_v3_0_6_viv
INFO: [VRFC 10-311] analyzing module adder_xbip_pipe_v3_0_6_viv__parameterized1
INFO: [VRFC 10-311] analyzing module adder_xbip_pipe_v3_0_6_viv__parameterized11
INFO: [VRFC 10-311] analyzing module adder_xbip_pipe_v3_0_6_viv__parameterized11_11
INFO: [VRFC 10-311] analyzing module adder_xbip_pipe_v3_0_6_viv__parameterized11_2
INFO: [VRFC 10-311] analyzing module adder_xbip_pipe_v3_0_6_viv__parameterized11_23
INFO: [VRFC 10-311] analyzing module adder_xbip_pipe_v3_0_6_viv__parameterized11_25
INFO: [VRFC 10-311] analyzing module adder_xbip_pipe_v3_0_6_viv__parameterized11_35
INFO: [VRFC 10-311] analyzing module adder_xbip_pipe_v3_0_6_viv__parameterized11_38
INFO: [VRFC 10-311] analyzing module adder_xbip_pipe_v3_0_6_viv__parameterized13
INFO: [VRFC 10-311] analyzing module adder_xbip_pipe_v3_0_6_viv__parameterized13_33
INFO: [VRFC 10-311] analyzing module adder_xbip_pipe_v3_0_6_viv__parameterized13_34
INFO: [VRFC 10-311] analyzing module adder_xbip_pipe_v3_0_6_viv__parameterized13_36
INFO: [VRFC 10-311] analyzing module adder_xbip_pipe_v3_0_6_viv__parameterized1_39
INFO: [VRFC 10-311] analyzing module adder_xbip_pipe_v3_0_6_viv__parameterized23
INFO: [VRFC 10-311] analyzing module adder_xbip_pipe_v3_0_6_viv__parameterized29
INFO: [VRFC 10-311] analyzing module adder_xbip_pipe_v3_0_6_viv__parameterized31
INFO: [VRFC 10-311] analyzing module adder_xbip_pipe_v3_0_6_viv__parameterized33
INFO: [VRFC 10-311] analyzing module adder_xbip_pipe_v3_0_6_viv__parameterized35
INFO: [VRFC 10-311] analyzing module adder_xbip_pipe_v3_0_6_viv__parameterized37
INFO: [VRFC 10-311] analyzing module adder_xbip_pipe_v3_0_6_viv__parameterized41
INFO: [VRFC 10-311] analyzing module adder_xbip_pipe_v3_0_6_viv__parameterized41_15
INFO: [VRFC 10-311] analyzing module adder_xbip_pipe_v3_0_6_viv__parameterized41_16
INFO: [VRFC 10-311] analyzing module adder_xbip_pipe_v3_0_6_viv__parameterized41_21
INFO: [VRFC 10-311] analyzing module adder_xbip_pipe_v3_0_6_viv__parameterized41_22
INFO: [VRFC 10-311] analyzing module adder_xbip_pipe_v3_0_6_viv__parameterized43
INFO: [VRFC 10-311] analyzing module adder_xbip_pipe_v3_0_6_viv__parameterized43_26
INFO: [VRFC 10-311] analyzing module adder_xbip_pipe_v3_0_6_viv__parameterized47
INFO: [VRFC 10-311] analyzing module adder_xbip_pipe_v3_0_6_viv__parameterized47_24
INFO: [VRFC 10-311] analyzing module adder_xbip_pipe_v3_0_6_viv__parameterized49
INFO: [VRFC 10-311] analyzing module adder_xbip_pipe_v3_0_6_viv__parameterized5
INFO: [VRFC 10-311] analyzing module adder_xbip_pipe_v3_0_6_viv__parameterized51
INFO: [VRFC 10-311] analyzing module adder_xbip_pipe_v3_0_6_viv__parameterized53
INFO: [VRFC 10-311] analyzing module adder_xbip_pipe_v3_0_6_viv__parameterized55
INFO: [VRFC 10-311] analyzing module adder_xbip_pipe_v3_0_6_viv__parameterized57
INFO: [VRFC 10-311] analyzing module adder_xbip_pipe_v3_0_6_viv__parameterized59
INFO: [VRFC 10-311] analyzing module adder_xbip_pipe_v3_0_6_viv__parameterized59_12
INFO: [VRFC 10-311] analyzing module adder_xbip_pipe_v3_0_6_viv__parameterized61
INFO: [VRFC 10-311] analyzing module adder_xbip_pipe_v3_0_6_viv__parameterized65
INFO: [VRFC 10-311] analyzing module adder_xbip_pipe_v3_0_6_viv__parameterized9
INFO: [VRFC 10-311] analyzing module adder_xbip_pipe_v3_0_6_viv__parameterized9_37
INFO: [VRFC 10-311] analyzing module glbl
INFO: [VRFC 10-2263] Analyzing Verilog file "/home/aari/Projects/Vivado/gsom/gsom.gen/sources_1/ip/comparator/comparator_sim_netlist.v" into library xil_defaultlib
INFO: [VRFC 10-311] analyzing module comparator
INFO: [VRFC 10-311] analyzing module comparator_floating_point_v7_1_11
INFO: [VRFC 10-311] analyzing module comparator_axi_slave_2to1
INFO: [VRFC 10-311] analyzing module comparator_carry_chain
INFO: [VRFC 10-311] analyzing module comparator_carry_chain__parameterized0
INFO: [VRFC 10-311] analyzing module comparator_carry_chain__parameterized0_2
INFO: [VRFC 10-311] analyzing module comparator_carry_chain__parameterized1
INFO: [VRFC 10-311] analyzing module comparator_carry_chain__parameterized1_3
INFO: [VRFC 10-311] analyzing module comparator_carry_chain__parameterized2
INFO: [VRFC 10-311] analyzing module comparator_carry_chain__parameterized3
INFO: [VRFC 10-311] analyzing module comparator_compare_eq
INFO: [VRFC 10-311] analyzing module comparator_compare_eq_im
INFO: [VRFC 10-311] analyzing module comparator_compare_eq_im__parameterized0
INFO: [VRFC 10-311] analyzing module comparator_compare_eq_im__parameterized0_0
INFO: [VRFC 10-311] analyzing module comparator_compare_gt
INFO: [VRFC 10-311] analyzing module comparator_compare_ne_im
INFO: [VRFC 10-311] analyzing module comparator_compare_ne_im_1
INFO: [VRFC 10-311] analyzing module comparator_delay__parameterized5
INFO: [VRFC 10-311] analyzing module comparator_delay__parameterized6
INFO: [VRFC 10-311] analyzing module comparator_delay__parameterized7
INFO: [VRFC 10-311] analyzing module comparator_floating_point_v7_1_11_viv
INFO: [VRFC 10-311] analyzing module comparator_fp_cmp
INFO: [VRFC 10-311] analyzing module comparator_xbip_pipe_v3_0_6_viv
INFO: [VRFC 10-311] analyzing module comparator_xbip_pipe_v3_0_6_viv__parameterized13
INFO: [VRFC 10-311] analyzing module comparator_xbip_pipe_v3_0_6_viv__parameterized15
INFO: [VRFC 10-311] analyzing module comparator_xbip_pipe_v3_0_6_viv__parameterized15_4
INFO: [VRFC 10-2263] Analyzing Verilog file "/home/aari/Projects/Vivado/gsom/gsom.gen/sources_1/ip/multiplier/multiplier_sim_netlist.v" into library xil_defaultlib
INFO: [VRFC 10-311] analyzing module multiplier
INFO: [VRFC 10-311] analyzing module multiplier_floating_point_v7_1_11
INFO: [VRFC 10-311] analyzing module multiplier_axi_slave_2to1
INFO: [VRFC 10-311] analyzing module multiplier_carry_chain
INFO: [VRFC 10-311] analyzing module multiplier_carry_chain__parameterized0
INFO: [VRFC 10-311] analyzing module multiplier_carry_chain__parameterized0_15
INFO: [VRFC 10-311] analyzing module multiplier_carry_chain__parameterized1
INFO: [VRFC 10-311] analyzing module multiplier_carry_chain__parameterized2
INFO: [VRFC 10-311] analyzing module multiplier_carry_chain__parameterized3
INFO: [VRFC 10-311] analyzing module multiplier_carry_chain__parameterized4
INFO: [VRFC 10-311] analyzing module multiplier_compare_eq_im
INFO: [VRFC 10-311] analyzing module multiplier_compare_eq_im_14
INFO: [VRFC 10-311] analyzing module multiplier_delay
INFO: [VRFC 10-311] analyzing module multiplier_delay__parameterized0
INFO: [VRFC 10-311] analyzing module multiplier_delay__parameterized0_2
INFO: [VRFC 10-311] analyzing module multiplier_delay__parameterized10
INFO: [VRFC 10-311] analyzing module multiplier_delay__parameterized11
INFO: [VRFC 10-311] analyzing module multiplier_delay__parameterized12
INFO: [VRFC 10-311] analyzing module multiplier_delay__parameterized14
INFO: [VRFC 10-311] analyzing module multiplier_delay__parameterized16
INFO: [VRFC 10-311] analyzing module multiplier_delay__parameterized17
INFO: [VRFC 10-311] analyzing module multiplier_delay__parameterized18
INFO: [VRFC 10-311] analyzing module multiplier_delay__parameterized19
INFO: [VRFC 10-311] analyzing module multiplier_delay__parameterized19_5
INFO: [VRFC 10-311] analyzing module multiplier_delay__parameterized24
INFO: [VRFC 10-311] analyzing module multiplier_delay__parameterized25
INFO: [VRFC 10-311] analyzing module multiplier_delay__parameterized25_0
INFO: [VRFC 10-311] analyzing module multiplier_delay__parameterized29
INFO: [VRFC 10-311] analyzing module multiplier_delay__parameterized30
INFO: [VRFC 10-311] analyzing module multiplier_delay__parameterized4
INFO: [VRFC 10-311] analyzing module multiplier_delay__parameterized6
INFO: [VRFC 10-311] analyzing module multiplier_delay__parameterized6_12
INFO: [VRFC 10-311] analyzing module multiplier_delay__parameterized6_13
INFO: [VRFC 10-311] analyzing module multiplier_delay__parameterized6_8
INFO: [VRFC 10-311] analyzing module multiplier_delay__parameterized6_9
INFO: [VRFC 10-311] analyzing module multiplier_delay__parameterized7
INFO: [VRFC 10-311] analyzing module multiplier_delay_line__parameterized5
INFO: [VRFC 10-311] analyzing module multiplier_dsp
INFO: [VRFC 10-311] analyzing module multiplier_fix_mult
INFO: [VRFC 10-311] analyzing module multiplier_fix_mult_xx
INFO: [VRFC 10-311] analyzing module multiplier_floating_point_v7_1_11_viv
INFO: [VRFC 10-311] analyzing module multiplier_flt_dec_op_lat
INFO: [VRFC 10-311] analyzing module multiplier_flt_mult
INFO: [VRFC 10-311] analyzing module multiplier_flt_mult_exp
INFO: [VRFC 10-311] analyzing module multiplier_flt_mult_round
INFO: [VRFC 10-311] analyzing module multiplier_flt_round_bit
INFO: [VRFC 10-311] analyzing module multiplier_mult_gen_v12_0_16_viv
INFO: [VRFC 10-311] analyzing module multiplier_renorm_and_round_logic
INFO: [VRFC 10-311] analyzing module multiplier_special_detect
INFO: [VRFC 10-311] analyzing module multiplier_special_detect_4
INFO: [VRFC 10-311] analyzing module multiplier_xbip_pipe_v3_0_6_viv
INFO: [VRFC 10-311] analyzing module multiplier_xbip_pipe_v3_0_6_viv__parameterized1
INFO: [VRFC 10-311] analyzing module multiplier_xbip_pipe_v3_0_6_viv__parameterized11
INFO: [VRFC 10-311] analyzing module multiplier_xbip_pipe_v3_0_6_viv__parameterized15
INFO: [VRFC 10-311] analyzing module multiplier_xbip_pipe_v3_0_6_viv__parameterized15_10
INFO: [VRFC 10-311] analyzing module multiplier_xbip_pipe_v3_0_6_viv__parameterized15_11
INFO: [VRFC 10-311] analyzing module multiplier_xbip_pipe_v3_0_6_viv__parameterized15_16
INFO: [VRFC 10-311] analyzing module multiplier_xbip_pipe_v3_0_6_viv__parameterized15_17
INFO: [VRFC 10-311] analyzing module multiplier_xbip_pipe_v3_0_6_viv__parameterized17
INFO: [VRFC 10-311] analyzing module multiplier_xbip_pipe_v3_0_6_viv__parameterized17_7
INFO: [VRFC 10-311] analyzing module multiplier_xbip_pipe_v3_0_6_viv__parameterized21
INFO: [VRFC 10-311] analyzing module multiplier_xbip_pipe_v3_0_6_viv__parameterized23
INFO: [VRFC 10-311] analyzing module multiplier_xbip_pipe_v3_0_6_viv__parameterized25
INFO: [VRFC 10-311] analyzing module multiplier_xbip_pipe_v3_0_6_viv__parameterized27
INFO: [VRFC 10-311] analyzing module multiplier_xbip_pipe_v3_0_6_viv__parameterized3
INFO: [VRFC 10-311] analyzing module multiplier_xbip_pipe_v3_0_6_viv__parameterized31
INFO: [VRFC 10-311] analyzing module multiplier_xbip_pipe_v3_0_6_viv__parameterized33
INFO: [VRFC 10-311] analyzing module multiplier_xbip_pipe_v3_0_6_viv__parameterized35
INFO: [VRFC 10-311] analyzing module multiplier_xbip_pipe_v3_0_6_viv__parameterized37
INFO: [VRFC 10-311] analyzing module multiplier_xbip_pipe_v3_0_6_viv__parameterized37_6
INFO: [VRFC 10-311] analyzing module multiplier_xbip_pipe_v3_0_6_viv__parameterized3_3
INFO: [VRFC 10-311] analyzing module multiplier_xbip_pipe_v3_0_6_viv__parameterized47
INFO: [VRFC 10-311] analyzing module multiplier_xbip_pipe_v3_0_6_viv__parameterized47_1
INFO: [VRFC 10-311] analyzing module multiplier_xbip_pipe_v3_0_6_viv__parameterized53
INFO: [VRFC 10-311] analyzing module multiplier_xbip_pipe_v3_0_6_viv__parameterized55
INFO: [VRFC 10-2263] Analyzing Verilog file "/home/aari/Projects/Vivado/gsom/gsom.gen/sources_1/ip/divider/divider_sim_netlist.v" into library xil_defaultlib
INFO: [VRFC 10-311] analyzing module divider
INFO: [VRFC 10-311] analyzing module divider_floating_point_v7_1_11
INFO: [VRFC 10-311] analyzing module divider_axi_slave_2to1
INFO: [VRFC 10-311] analyzing module divider_carry_chain
INFO: [VRFC 10-311] analyzing module divider_carry_chain_102
INFO: [VRFC 10-311] analyzing module divider_carry_chain_106
INFO: [VRFC 10-311] analyzing module divider_carry_chain_111
INFO: [VRFC 10-311] analyzing module divider_carry_chain_115
INFO: [VRFC 10-311] analyzing module divider_carry_chain_119
INFO: [VRFC 10-311] analyzing module divider_carry_chain_123
INFO: [VRFC 10-311] analyzing module divider_carry_chain_127
INFO: [VRFC 10-311] analyzing module divider_carry_chain_131
INFO: [VRFC 10-311] analyzing module divider_carry_chain_135
INFO: [VRFC 10-311] analyzing module divider_carry_chain_139
INFO: [VRFC 10-311] analyzing module divider_carry_chain_143
INFO: [VRFC 10-311] analyzing module divider_carry_chain_147
INFO: [VRFC 10-311] analyzing module divider_carry_chain_151
INFO: [VRFC 10-311] analyzing module divider_carry_chain_155
INFO: [VRFC 10-311] analyzing module divider_carry_chain_57
INFO: [VRFC 10-311] analyzing module divider_carry_chain_61
INFO: [VRFC 10-311] analyzing module divider_carry_chain_65
INFO: [VRFC 10-311] analyzing module divider_carry_chain_69
INFO: [VRFC 10-311] analyzing module divider_carry_chain_73
INFO: [VRFC 10-311] analyzing module divider_carry_chain_77
INFO: [VRFC 10-311] analyzing module divider_carry_chain_81
INFO: [VRFC 10-311] analyzing module divider_carry_chain_85
INFO: [VRFC 10-311] analyzing module divider_carry_chain_90
INFO: [VRFC 10-311] analyzing module divider_carry_chain_94
INFO: [VRFC 10-311] analyzing module divider_carry_chain_98
INFO: [VRFC 10-311] analyzing module divider_carry_chain__parameterized0
INFO: [VRFC 10-311] analyzing module divider_carry_chain__parameterized1
INFO: [VRFC 10-311] analyzing module divider_carry_chain__parameterized2
INFO: [VRFC 10-311] analyzing module divider_carry_chain__parameterized3
INFO: [VRFC 10-311] analyzing module divider_delay
INFO: [VRFC 10-311] analyzing module divider_delay_11
INFO: [VRFC 10-311] analyzing module divider_delay_13
INFO: [VRFC 10-311] analyzing module divider_delay_15
INFO: [VRFC 10-311] analyzing module divider_delay_17
INFO: [VRFC 10-311] analyzing module divider_delay_19
INFO: [VRFC 10-311] analyzing module divider_delay_21
INFO: [VRFC 10-311] analyzing module divider_delay_23
INFO: [VRFC 10-311] analyzing module divider_delay_25
INFO: [VRFC 10-311] analyzing module divider_delay_27
INFO: [VRFC 10-311] analyzing module divider_delay_29
INFO: [VRFC 10-311] analyzing module divider_delay_31
INFO: [VRFC 10-311] analyzing module divider_delay_33
INFO: [VRFC 10-311] analyzing module divider_delay_35
INFO: [VRFC 10-311] analyzing module divider_delay_40
INFO: [VRFC 10-311] analyzing module divider_delay_43
INFO: [VRFC 10-311] analyzing module divider_delay_45
INFO: [VRFC 10-311] analyzing module divider_delay_47
INFO: [VRFC 10-311] analyzing module divider_delay_49
INFO: [VRFC 10-311] analyzing module divider_delay_5
INFO: [VRFC 10-311] analyzing module divider_delay_51
INFO: [VRFC 10-311] analyzing module divider_delay_53
INFO: [VRFC 10-311] analyzing module divider_delay_55
INFO: [VRFC 10-311] analyzing module divider_delay_7
INFO: [VRFC 10-311] analyzing module divider_delay_9
INFO: [VRFC 10-311] analyzing module divider_delay__parameterized10
INFO: [VRFC 10-311] analyzing module divider_delay__parameterized11
INFO: [VRFC 10-311] analyzing module divider_delay__parameterized12
INFO: [VRFC 10-311] analyzing module divider_delay__parameterized13
INFO: [VRFC 10-311] analyzing module divider_delay__parameterized14
INFO: [VRFC 10-311] analyzing module divider_delay__parameterized15
INFO: [VRFC 10-311] analyzing module divider_delay__parameterized16
INFO: [VRFC 10-311] analyzing module divider_delay__parameterized17
INFO: [VRFC 10-311] analyzing module divider_delay__parameterized18
INFO: [VRFC 10-311] analyzing module divider_delay__parameterized19
INFO: [VRFC 10-311] analyzing module divider_delay__parameterized2
INFO: [VRFC 10-311] analyzing module divider_delay__parameterized20
INFO: [VRFC 10-311] analyzing module divider_delay__parameterized21
INFO: [VRFC 10-311] analyzing module divider_delay__parameterized27
INFO: [VRFC 10-311] analyzing module divider_delay__parameterized27_0
INFO: [VRFC 10-311] analyzing module divider_delay__parameterized2_103
INFO: [VRFC 10-311] analyzing module divider_delay__parameterized2_107
INFO: [VRFC 10-311] analyzing module divider_delay__parameterized2_112
INFO: [VRFC 10-311] analyzing module divider_delay__parameterized2_116
INFO: [VRFC 10-311] analyzing module divider_delay__parameterized2_120
INFO: [VRFC 10-311] analyzing module divider_delay__parameterized2_124
INFO: [VRFC 10-311] analyzing module divider_delay__parameterized2_128
INFO: [VRFC 10-311] analyzing module divider_delay__parameterized2_132
INFO: [VRFC 10-311] analyzing module divider_delay__parameterized2_136
INFO: [VRFC 10-311] analyzing module divider_delay__parameterized2_140
INFO: [VRFC 10-311] analyzing module divider_delay__parameterized2_144
INFO: [VRFC 10-311] analyzing module divider_delay__parameterized2_148
INFO: [VRFC 10-311] analyzing module divider_delay__parameterized2_152
INFO: [VRFC 10-311] analyzing module divider_delay__parameterized2_156
INFO: [VRFC 10-311] analyzing module divider_delay__parameterized2_58
INFO: [VRFC 10-311] analyzing module divider_delay__parameterized2_62
INFO: [VRFC 10-311] analyzing module divider_delay__parameterized2_66
INFO: [VRFC 10-311] analyzing module divider_delay__parameterized2_70
INFO: [VRFC 10-311] analyzing module divider_delay__parameterized2_74
INFO: [VRFC 10-311] analyzing module divider_delay__parameterized2_78
INFO: [VRFC 10-311] analyzing module divider_delay__parameterized2_82
INFO: [VRFC 10-311] analyzing module divider_delay__parameterized2_86
INFO: [VRFC 10-311] analyzing module divider_delay__parameterized2_91
INFO: [VRFC 10-311] analyzing module divider_delay__parameterized2_95
INFO: [VRFC 10-311] analyzing module divider_delay__parameterized2_99
INFO: [VRFC 10-311] analyzing module divider_delay__parameterized3
INFO: [VRFC 10-311] analyzing module divider_delay__parameterized32
INFO: [VRFC 10-311] analyzing module divider_delay__parameterized32_1
INFO: [VRFC 10-311] analyzing module divider_delay__parameterized3_36
INFO: [VRFC 10-311] analyzing module divider_delay__parameterized3_38
INFO: [VRFC 10-311] analyzing module divider_delay__parameterized3_41
INFO: [VRFC 10-311] analyzing module divider_delay__parameterized6
INFO: [VRFC 10-311] analyzing module divider_delay__parameterized7
INFO: [VRFC 10-311] analyzing module divider_delay__parameterized7_165
INFO: [VRFC 10-311] analyzing module divider_delay__parameterized8
INFO: [VRFC 10-311] analyzing module divider_delay__parameterized8_160
INFO: [VRFC 10-311] analyzing module divider_delay__parameterized8_163
INFO: [VRFC 10-311] analyzing module divider_delay__parameterized8_164
INFO: [VRFC 10-311] analyzing module divider_delay__parameterized9
INFO: [VRFC 10-311] analyzing module divider_floating_point_v7_1_11_viv
INFO: [VRFC 10-311] analyzing module divider_flt_dec_op_lat
INFO: [VRFC 10-311] analyzing module divider_flt_div
INFO: [VRFC 10-311] analyzing module divider_flt_div_exp
INFO: [VRFC 10-311] analyzing module divider_flt_div_mant
INFO: [VRFC 10-311] analyzing module divider_flt_div_mant_addsub
INFO: [VRFC 10-311] analyzing module divider_flt_div_mant_addsub_10
INFO: [VRFC 10-311] analyzing module divider_flt_div_mant_addsub_12
INFO: [VRFC 10-311] analyzing module divider_flt_div_mant_addsub_14
INFO: [VRFC 10-311] analyzing module divider_flt_div_mant_addsub_16
INFO: [VRFC 10-311] analyzing module divider_flt_div_mant_addsub_18
INFO: [VRFC 10-311] analyzing module divider_flt_div_mant_addsub_20
INFO: [VRFC 10-311] analyzing module divider_flt_div_mant_addsub_22
INFO: [VRFC 10-311] analyzing module divider_flt_div_mant_addsub_24
INFO: [VRFC 10-311] analyzing module divider_flt_div_mant_addsub_26
INFO: [VRFC 10-311] analyzing module divider_flt_div_mant_addsub_28
INFO: [VRFC 10-311] analyzing module divider_flt_div_mant_addsub_30
INFO: [VRFC 10-311] analyzing module divider_flt_div_mant_addsub_32
INFO: [VRFC 10-311] analyzing module divider_flt_div_mant_addsub_34
INFO: [VRFC 10-311] analyzing module divider_flt_div_mant_addsub_37
INFO: [VRFC 10-311] analyzing module divider_flt_div_mant_addsub_39
INFO: [VRFC 10-311] analyzing module divider_flt_div_mant_addsub_4
INFO: [VRFC 10-311] analyzing module divider_flt_div_mant_addsub_42
INFO: [VRFC 10-311] analyzing module divider_flt_div_mant_addsub_44
INFO: [VRFC 10-311] analyzing module divider_flt_div_mant_addsub_46
INFO: [VRFC 10-311] analyzing module divider_flt_div_mant_addsub_48
INFO: [VRFC 10-311] analyzing module divider_flt_div_mant_addsub_50
INFO: [VRFC 10-311] analyzing module divider_flt_div_mant_addsub_52
INFO: [VRFC 10-311] analyzing module divider_flt_div_mant_addsub_54
INFO: [VRFC 10-311] analyzing module divider_flt_div_mant_addsub_6
INFO: [VRFC 10-311] analyzing module divider_flt_div_mant_addsub_8
INFO: [VRFC 10-311] analyzing module divider_flt_round_bit
INFO: [VRFC 10-311] analyzing module divider_renorm_and_round_logic
INFO: [VRFC 10-311] analyzing module divider_special_detect
INFO: [VRFC 10-311] analyzing module divider_special_detect_158
INFO: [VRFC 10-311] analyzing module divider_xbip_pipe_v3_0_6_viv
INFO: [VRFC 10-311] analyzing module divider_xbip_pipe_v3_0_6_viv__parameterized1
INFO: [VRFC 10-311] analyzing module divider_xbip_pipe_v3_0_6_viv__parameterized11
INFO: [VRFC 10-311] analyzing module divider_xbip_pipe_v3_0_6_viv__parameterized15
INFO: [VRFC 10-311] analyzing module divider_xbip_pipe_v3_0_6_viv__parameterized17
INFO: [VRFC 10-311] analyzing module divider_xbip_pipe_v3_0_6_viv__parameterized17_161
INFO: [VRFC 10-311] analyzing module divider_xbip_pipe_v3_0_6_viv__parameterized17_162
INFO: [VRFC 10-311] analyzing module divider_xbip_pipe_v3_0_6_viv__parameterized17_166
INFO: [VRFC 10-311] analyzing module divider_xbip_pipe_v3_0_6_viv__parameterized17_167
INFO: [VRFC 10-311] analyzing module divider_xbip_pipe_v3_0_6_viv__parameterized17_168
INFO: [VRFC 10-311] analyzing module divider_xbip_pipe_v3_0_6_viv__parameterized19
INFO: [VRFC 10-311] analyzing module divider_xbip_pipe_v3_0_6_viv__parameterized1_101
INFO: [VRFC 10-311] analyzing module divider_xbip_pipe_v3_0_6_viv__parameterized1_105
INFO: [VRFC 10-311] analyzing module divider_xbip_pipe_v3_0_6_viv__parameterized1_110
INFO: [VRFC 10-311] analyzing module divider_xbip_pipe_v3_0_6_viv__parameterized1_114
INFO: [VRFC 10-311] analyzing module divider_xbip_pipe_v3_0_6_viv__parameterized1_118
INFO: [VRFC 10-311] analyzing module divider_xbip_pipe_v3_0_6_viv__parameterized1_122
INFO: [VRFC 10-311] analyzing module divider_xbip_pipe_v3_0_6_viv__parameterized1_126
INFO: [VRFC 10-311] analyzing module divider_xbip_pipe_v3_0_6_viv__parameterized1_130
INFO: [VRFC 10-311] analyzing module divider_xbip_pipe_v3_0_6_viv__parameterized1_134
INFO: [VRFC 10-311] analyzing module divider_xbip_pipe_v3_0_6_viv__parameterized1_138
INFO: [VRFC 10-311] analyzing module divider_xbip_pipe_v3_0_6_viv__parameterized1_142
INFO: [VRFC 10-311] analyzing module divider_xbip_pipe_v3_0_6_viv__parameterized1_146
INFO: [VRFC 10-311] analyzing module divider_xbip_pipe_v3_0_6_viv__parameterized1_150
INFO: [VRFC 10-311] analyzing module divider_xbip_pipe_v3_0_6_viv__parameterized1_154
INFO: [VRFC 10-311] analyzing module divider_xbip_pipe_v3_0_6_viv__parameterized1_56
INFO: [VRFC 10-311] analyzing module divider_xbip_pipe_v3_0_6_viv__parameterized1_60
INFO: [VRFC 10-311] analyzing module divider_xbip_pipe_v3_0_6_viv__parameterized1_64
INFO: [VRFC 10-311] analyzing module divider_xbip_pipe_v3_0_6_viv__parameterized1_68
INFO: [VRFC 10-311] analyzing module divider_xbip_pipe_v3_0_6_viv__parameterized1_72
INFO: [VRFC 10-311] analyzing module divider_xbip_pipe_v3_0_6_viv__parameterized1_76
INFO: [VRFC 10-311] analyzing module divider_xbip_pipe_v3_0_6_viv__parameterized1_80
INFO: [VRFC 10-311] analyzing module divider_xbip_pipe_v3_0_6_viv__parameterized1_89
INFO: [VRFC 10-311] analyzing module divider_xbip_pipe_v3_0_6_viv__parameterized1_93
INFO: [VRFC 10-311] analyzing module divider_xbip_pipe_v3_0_6_viv__parameterized1_97
INFO: [VRFC 10-311] analyzing module divider_xbip_pipe_v3_0_6_viv__parameterized21
INFO: [VRFC 10-311] analyzing module divider_xbip_pipe_v3_0_6_viv__parameterized23
INFO: [VRFC 10-311] analyzing module divider_xbip_pipe_v3_0_6_viv__parameterized25
INFO: [VRFC 10-311] analyzing module divider_xbip_pipe_v3_0_6_viv__parameterized25_159
INFO: [VRFC 10-311] analyzing module divider_xbip_pipe_v3_0_6_viv__parameterized27
INFO: [VRFC 10-311] analyzing module divider_xbip_pipe_v3_0_6_viv__parameterized29
INFO: [VRFC 10-311] analyzing module divider_xbip_pipe_v3_0_6_viv__parameterized31
INFO: [VRFC 10-311] analyzing module divider_xbip_pipe_v3_0_6_viv__parameterized33
INFO: [VRFC 10-311] analyzing module divider_xbip_pipe_v3_0_6_viv__parameterized35
INFO: [VRFC 10-311] analyzing module divider_xbip_pipe_v3_0_6_viv__parameterized37
INFO: [VRFC 10-311] analyzing module divider_xbip_pipe_v3_0_6_viv__parameterized39
INFO: [VRFC 10-311] analyzing module divider_xbip_pipe_v3_0_6_viv__parameterized49
INFO: [VRFC 10-311] analyzing module divider_xbip_pipe_v3_0_6_viv__parameterized49_3
INFO: [VRFC 10-311] analyzing module divider_xbip_pipe_v3_0_6_viv__parameterized57
INFO: [VRFC 10-311] analyzing module divider_xbip_pipe_v3_0_6_viv__parameterized57_2
INFO: [VRFC 10-311] analyzing module divider_xbip_pipe_v3_0_6_viv__parameterized7
INFO: [VRFC 10-311] analyzing module divider_xbip_pipe_v3_0_6_viv__parameterized7_100
INFO: [VRFC 10-311] analyzing module divider_xbip_pipe_v3_0_6_viv__parameterized7_104
INFO: [VRFC 10-311] analyzing module divider_xbip_pipe_v3_0_6_viv__parameterized7_108
INFO: [VRFC 10-311] analyzing module divider_xbip_pipe_v3_0_6_viv__parameterized7_113
INFO: [VRFC 10-311] analyzing module divider_xbip_pipe_v3_0_6_viv__parameterized7_117
INFO: [VRFC 10-311] analyzing module divider_xbip_pipe_v3_0_6_viv__parameterized7_121
INFO: [VRFC 10-311] analyzing module divider_xbip_pipe_v3_0_6_viv__parameterized7_125
INFO: [VRFC 10-311] analyzing module divider_xbip_pipe_v3_0_6_viv__parameterized7_129
INFO: [VRFC 10-311] analyzing module divider_xbip_pipe_v3_0_6_viv__parameterized7_133
INFO: [VRFC 10-311] analyzing module divider_xbip_pipe_v3_0_6_viv__parameterized7_137
INFO: [VRFC 10-311] analyzing module divider_xbip_pipe_v3_0_6_viv__parameterized7_141
INFO: [VRFC 10-311] analyzing module divider_xbip_pipe_v3_0_6_viv__parameterized7_145
INFO: [VRFC 10-311] analyzing module divider_xbip_pipe_v3_0_6_viv__parameterized7_149
INFO: [VRFC 10-311] analyzing module divider_xbip_pipe_v3_0_6_viv__parameterized7_153
INFO: [VRFC 10-311] analyzing module divider_xbip_pipe_v3_0_6_viv__parameterized7_157
INFO: [VRFC 10-311] analyzing module divider_xbip_pipe_v3_0_6_viv__parameterized7_59
INFO: [VRFC 10-311] analyzing module divider_xbip_pipe_v3_0_6_viv__parameterized7_63
INFO: [VRFC 10-311] analyzing module divider_xbip_pipe_v3_0_6_viv__parameterized7_67
INFO: [VRFC 10-311] analyzing module divider_xbip_pipe_v3_0_6_viv__parameterized7_71
INFO: [VRFC 10-311] analyzing module divider_xbip_pipe_v3_0_6_viv__parameterized7_75
INFO: [VRFC 10-311] analyzing module divider_xbip_pipe_v3_0_6_viv__parameterized7_79
INFO: [VRFC 10-311] analyzing module divider_xbip_pipe_v3_0_6_viv__parameterized7_83
INFO: [VRFC 10-311] analyzing module divider_xbip_pipe_v3_0_6_viv__parameterized7_87
INFO: [VRFC 10-311] analyzing module divider_xbip_pipe_v3_0_6_viv__parameterized7_92
INFO: [VRFC 10-311] analyzing module divider_xbip_pipe_v3_0_6_viv__parameterized7_96
INFO: [VRFC 10-311] analyzing module divider_xbip_pipe_v3_0_6_viv__parameterized9
INFO: [VRFC 10-311] analyzing module divider_xbip_pipe_v3_0_6_viv__parameterized9_109
INFO: [VRFC 10-311] analyzing module divider_xbip_pipe_v3_0_6_viv__parameterized9_84
INFO: [VRFC 10-311] analyzing module divider_xbip_pipe_v3_0_6_viv__parameterized9_88
INFO: [VRFC 10-2263] Analyzing Verilog file "/home/aari/Projects/Vivado/gsom/gsom.srcs/sources_1/imports/gsom/euclidean_distance.v" into library xil_defaultlib
INFO: [VRFC 10-311] analyzing module euclidean_distance
INFO: [VRFC 10-2263] Analyzing Verilog file "/home/aari/Projects/Vivado/gsom/gsom.srcs/sources_1/imports/gsom/fpa_adder.v" into library xil_defaultlib
INFO: [VRFC 10-311] analyzing module fpa_adder
INFO: [VRFC 10-2263] Analyzing Verilog file "/home/aari/Projects/Vivado/gsom/gsom.srcs/sources_1/imports/gsom/fpa_comparator.v" into library xil_defaultlib
INFO: [VRFC 10-311] analyzing module fpa_comparator
INFO: [VRFC 10-2263] Analyzing Verilog file "/home/aari/Projects/Vivado/gsom/gsom.srcs/sources_1/imports/new/fpa_distance.v" into library xil_defaultlib
INFO: [VRFC 10-311] analyzing module fpa_distance
INFO: [VRFC 10-2263] Analyzing Verilog file "/home/aari/Projects/Vivado/gsom/gsom.srcs/sources_1/imports/gsom/fpa_multiplier.v" into library xil_defaultlib
INFO: [VRFC 10-311] analyzing module fpa_multiplier
INFO: [VRFC 10-2263] Analyzing Verilog file "/home/aari/Projects/Vivado/gsom/gsom.srcs/sources_1/imports/gsom/grow_node_in_middle.v" into library xil_defaultlib
INFO: [VRFC 10-311] analyzing module grow_node_in_middle
INFO: [VRFC 10-2263] Analyzing Verilog file "/home/aari/Projects/Vivado/gsom/gsom.srcs/sources_1/imports/gsom/grow_node_on_one_side.v" into library xil_defaultlib
INFO: [VRFC 10-311] analyzing module grow_node_on_one_side
INFO: [VRFC 10-2263] Analyzing Verilog file "/home/aari/Projects/Vivado/gsom/gsom.srcs/sources_1/imports/gsom/gsom.v" into library xil_defaultlib
INFO: [VRFC 10-311] analyzing module gsom
INFO: [VRFC 10-2263] Analyzing Verilog file "/home/aari/Projects/Vivado/gsom/gsom.srcs/sources_1/imports/new/gsom_learning_rate.v" into library xil_defaultlib
INFO: [VRFC 10-311] analyzing module gsom_learning_rate
INFO: [VRFC 10-2263] Analyzing Verilog file "/home/aari/Projects/Vivado/gsom/gsom.srcs/sources_1/imports/gsom/node.v" into library xil_defaultlib
INFO: [VRFC 10-311] analyzing module node
INFO: [VRFC 10-2263] Analyzing Verilog file "/home/aari/Projects/Vivado/gsom/gsom.srcs/sources_1/imports/gsom/update_bmu.v" into library xil_defaultlib
INFO: [VRFC 10-311] analyzing module update_bmu
INFO: [VRFC 10-2263] Analyzing Verilog file "/home/aari/Projects/Vivado/gsom/gsom.srcs/sim_1/imports/new/gsom_tb.v" into library xil_defaultlib
INFO: [VRFC 10-311] analyzing module gsom_tb
